2025-06-12 07:39:40 - utils - INFO - _log:201 - Utils module initialized successfully - Version 1.0.0
2025-06-12 07:39:40 - utils - INFO - _log:201 - Utils module loaded with 14 available utilities
2025-06-12 07:39:40 - utils.metrics_utils - INFO - _log:201 - MetricsCalculator initialized - Case sensitive: False
2025-06-12 07:39:40 - utils.file_utils - INFO - _log:201 - FileManager initialized with base directory: /home/priyanshum/Desktop/Office/NMA/tts
2025-06-12 07:39:40 - utils.report_generator - INFO - _log:201 - ReportGenerator initialized with results dir: results
2025-06-12 07:39:40 - utils.file_utils - INFO - _log:201 - FileManager initialized with base directory: /home/priyanshum/Desktop/Office/NMA/tts
2025-06-12 07:39:40 - utils.file_utils - INFO - _log:199 - Performance: ensure_directory - 0.000s - SUCCESS
2025-06-12 07:39:40 - utils.audio_utils - INFO - _log:201 - AudioProcessor initialized with temp directory: /tmp
2025-06-12 07:39:40 - utils.report_generator - INFO - _log:201 - HTML report generated: results/evaluation_report_20250612_073940.html
2025-06-12 07:39:40 - utils.report_generator - INFO - _log:201 - JSON report generated: results/evaluation_report_20250612_073940.json
2025-06-12 07:39:40 - utils.report_generator - INFO - _log:201 - YAML report generated: results/evaluation_report_20250612_073940.yaml
2025-06-12 07:39:40 - utils.file_utils - INFO - _log:201 - FileManager initialized with base directory: /home/priyanshum/Desktop/Office/NMA/tts
2025-06-12 07:39:40 - utils.report_generator - INFO - _log:201 - ReportGenerator initialized with results dir: results
2025-06-12 07:39:40 - utils.report_generator - INFO - _log:201 - HTML report generated: results/evaluation_report_20250612_073940.html
2025-06-12 07:39:40 - utils.report_generator - INFO - _log:201 - JSON report generated: results/evaluation_report_20250612_073940.json
2025-06-12 07:39:40 - utils.report_generator - INFO - _log:201 - YAML report generated: results/evaluation_report_20250612_073940.yaml
2025-06-12 07:52:46 - utils - INFO - _log:201 - Utils module initialized successfully - Version 1.0.0
2025-06-12 07:52:46 - utils - INFO - _log:201 - Utils module loaded with 14 available utilities
2025-06-12 07:52:46 - utils.metrics_utils - INFO - _log:201 - MetricsCalculator initialized - Case sensitive: False
2025-06-12 07:52:46 - utils.file_utils - INFO - _log:201 - FileManager initialized with base directory: /home/priyanshum/Desktop/Office/NMA/tts
2025-06-12 07:52:46 - utils.report_generator - INFO - _log:201 - ReportGenerator initialized with results dir: results
2025-06-12 07:52:46 - utils.file_utils - INFO - _log:201 - FileManager initialized with base directory: /home/priyanshum/Desktop/Office/NMA/tts
2025-06-12 07:52:46 - utils.file_utils - INFO - _log:199 - Performance: ensure_directory - 0.000s - SUCCESS
2025-06-12 07:52:46 - utils.audio_utils - INFO - _log:201 - AudioProcessor initialized with temp directory: /tmp
2025-06-12 07:52:46 - utils.report_generator - INFO - _log:201 - HTML report generated: results/evaluation_report_20250612_075246.html
2025-06-12 07:52:46 - utils.report_generator - INFO - _log:201 - JSON report generated: results/evaluation_report_20250612_075246.json
2025-06-12 07:52:46 - utils.report_generator - INFO - _log:201 - YAML report generated: results/evaluation_report_20250612_075246.yaml
2025-06-12 07:52:46 - utils.file_utils - INFO - _log:201 - FileManager initialized with base directory: /home/priyanshum/Desktop/Office/NMA/tts
2025-06-12 07:52:46 - utils.report_generator - INFO - _log:201 - ReportGenerator initialized with results dir: results
2025-06-12 07:52:46 - utils.report_generator - INFO - _log:201 - HTML report generated: results/evaluation_report_20250612_075246.html
2025-06-12 07:52:46 - utils.report_generator - INFO - _log:201 - JSON report generated: results/evaluation_report_20250612_075246.json
2025-06-12 07:52:46 - utils.report_generator - INFO - _log:201 - YAML report generated: results/evaluation_report_20250612_075246.yaml
