2025-06-07 23:43:36 - utils.report_generator - INFO - _log:201 - ReportGenerator initialized with results dir: results
2025-06-07 23:43:36 - utils.report_generator - INFO - _log:201 - ReportGenerator initialized with results dir: results
2025-06-07 23:43:36 - utils.report_generator - INFO - _log:201 - ReportGenerator initialized with results dir: /tmp/tts_stt_test_qx42xgnl/results
2025-06-07 23:43:36 - utils.report_generator - INFO - _log:201 - ReportGenerator initialized with results dir: /tmp/tts_stt_test_qx42xgnl/results
2025-06-07 23:51:04 - utils.report_generator - INFO - _log:201 - ReportGenerator initialized with results dir: results
2025-06-07 23:51:04 - utils.report_generator - INFO - _log:201 - ReportGenerator initialized with results dir: results
2025-06-07 23:51:04 - utils.report_generator - INFO - _log:201 - ReportGenerator initialized with results dir: /tmp/tts_stt_test_1bd_eaow/results
2025-06-07 23:51:04 - utils.report_generator - INFO - _log:201 - ReportGenerator initialized with results dir: /tmp/tts_stt_test_1bd_eaow/results
2025-06-07 23:51:33 - utils.report_generator - INFO - _log:201 - ReportGenerator initialized with results dir: results
2025-06-07 23:51:33 - utils.report_generator - INFO - _log:201 - ReportGenerator initialized with results dir: results
2025-06-07 23:51:33 - utils.report_generator - INFO - _log:201 - ReportGenerator initialized with results dir: /tmp/tts_stt_test_1wns2skt/results
2025-06-07 23:51:33 - utils.report_generator - INFO - _log:201 - ReportGenerator initialized with results dir: /tmp/tts_stt_test_1wns2skt/results
2025-06-08 00:15:18 - utils.report_generator - INFO - _log:201 - ReportGenerator initialized with results dir: results
2025-06-08 00:15:18 - utils.report_generator - INFO - _log:201 - ReportGenerator initialized with results dir: results
2025-06-08 00:15:18 - utils.report_generator - INFO - _log:201 - ReportGenerator initialized with results dir: /tmp/tts_stt_test_ms9a2avl/results
2025-06-08 00:15:18 - utils.report_generator - INFO - _log:201 - ReportGenerator initialized with results dir: /tmp/tts_stt_test_ms9a2avl/results
2025-06-08 00:19:10 - utils.report_generator - INFO - _log:201 - ReportGenerator initialized with results dir: results
2025-06-08 00:19:10 - utils.report_generator - INFO - _log:201 - ReportGenerator initialized with results dir: results
2025-06-08 00:19:10 - utils.report_generator - INFO - _log:201 - ReportGenerator initialized with results dir: /tmp/tts_stt_test_5mnvzirw/results
2025-06-08 00:19:10 - utils.report_generator - INFO - _log:201 - ReportGenerator initialized with results dir: /tmp/tts_stt_test_5mnvzirw/results
2025-06-08 00:21:28 - utils.report_generator - INFO - _log:201 - ReportGenerator initialized with results dir: results
2025-06-08 00:21:28 - utils.report_generator - INFO - _log:201 - ReportGenerator initialized with results dir: results
2025-06-08 00:21:28 - utils.report_generator - INFO - _log:201 - ReportGenerator initialized with results dir: /tmp/tts_stt_test_lse762km/results
2025-06-08 00:21:28 - utils.report_generator - INFO - _log:201 - ReportGenerator initialized with results dir: /tmp/tts_stt_test_lse762km/results
2025-06-08 00:28:06 - utils.report_generator - INFO - _log:201 - ReportGenerator initialized with results dir: results
2025-06-08 00:28:06 - utils.report_generator - INFO - _log:201 - ReportGenerator initialized with results dir: results
2025-06-08 00:28:06 - utils.report_generator - INFO - _log:201 - ReportGenerator initialized with results dir: /tmp/tts_stt_test_37vmenbm/results
2025-06-08 00:28:06 - utils.report_generator - INFO - _log:201 - ReportGenerator initialized with results dir: /tmp/tts_stt_test_37vmenbm/results
2025-06-08 01:35:14 - utils.report_generator - INFO - _log:201 - ReportGenerator initialized with results dir: results
2025-06-08 01:35:14 - utils.report_generator - INFO - _log:201 - ReportGenerator initialized with results dir: results
2025-06-08 01:35:14 - utils.report_generator - INFO - _log:201 - ReportGenerator initialized with results dir: /tmp/tts_stt_test_xjmlzotx/results
2025-06-08 01:35:14 - utils.report_generator - INFO - _log:201 - ReportGenerator initialized with results dir: /tmp/tts_stt_test_xjmlzotx/results
2025-06-08 01:39:18 - utils.report_generator - INFO - _log:201 - ReportGenerator initialized with results dir: results
2025-06-08 01:39:18 - utils.report_generator - INFO - _log:201 - ReportGenerator initialized with results dir: results
2025-06-08 01:39:18 - utils.report_generator - INFO - _log:201 - ReportGenerator initialized with results dir: results
